<?xml version="1.0" encoding="UTF-8"?>
<!-- Generated by org.testng.reporters.JUnitReportReporter -->
<testsuite skipped="0" hostname="DESKTOP-LUMCGL2" name="com.testmaven.facebook_Selenium.facebook" tests="1" failures="0" timestamp="02 Sep 2018 18:38:41 GMT" time="26.983" errors="0">
  <testcase name="chrometest" time="26.983" classname="com.testmaven.facebook_Selenium.facebook"/>
</testsuite> <!-- com.testmaven.facebook_Selenium.facebook -->
